<?xml version="1.0" encoding="UTF-8"?>
<coverage generated="1673449159881" clover="3.2.0">
  <project timestamp="1673449159881" name="All files">
    <metrics statements="12" coveredstatements="8" conditionals="6" coveredconditionals="2" methods="4" coveredmethods="2" elements="22" coveredelements="12" complexity="0" loc="12" ncloc="12" packages="2" files="2" classes="2"/>
    <package name="components">
      <metrics statements="12" coveredstatements="8" conditionals="6" coveredconditionals="2" methods="4" coveredmethods="2"/>
      <file name="Navbar.js" path="/Users/rucham/Documents/Upskill/react_bootcamp/13_testing/src/components/Navbar.js">
        <metrics statements="12" coveredstatements="8" conditionals="6" coveredconditionals="2" methods="4" coveredmethods="2"/>
        <line num="12" count="1" type="stmt"/>
        <line num="13" count="1" type="stmt"/>
        <line num="14" count="1" type="stmt"/>
        <line num="15" count="1" type="stmt"/>
        <line num="16" count="1" type="stmt"/>
        <line num="18" count="1" type="stmt"/>
        <line num="19" count="0" type="stmt"/>
        <line num="20" count="0" type="stmt"/>
        <line num="23" count="1" type="stmt"/>
        <line num="24" count="0" type="cond" truecount="0" falsecount="2"/>
        <line num="25" count="0" type="stmt"/>
        <line num="28" count="1" type="stmt"/>
      </file>
    </package>
    <package name="store">
      <metrics statements="0" coveredstatements="0" conditionals="0" coveredconditionals="0" methods="0" coveredmethods="0"/>
      <file name="store.js" path="/Users/rucham/Documents/Upskill/react_bootcamp/13_testing/src/store/store.js">
        <metrics statements="0" coveredstatements="0" conditionals="0" coveredconditionals="0" methods="0" coveredmethods="0"/>
      </file>
    </package>
  </project>
</coverage>
