{"/Users/rucham/Documents/Upskill/react_bootcamp/13_testing/src/components/Navbar.js": {"path":"/Users/rucham/Documents/Upskill/react_bootcamp/13_testing/src/components/Navbar.js","statementMap":{"0":{"start":{"line":12,"column":15},"end":{"line":88,"column":1}},"1":{"start":{"line":13,"column":18},"end":{"line":13,"column":61}},"2":{"start":{"line":13,"column":41},"end":{"line":13,"column":60}},"3":{"start":{"line":14,"column":29},"end":{"line":14,"column":53}},"4":{"start":{"line":15,"column":24},"end":{"line":15,"column":41}},"5":{"start":{"line":16,"column":18},"end":{"line":16,"column":31}},"6":{"start":{"line":18,"column":22},"end":{"line":21,"column":2}},"7":{"start":{"line":19,"column":2},"end":{"line":19,"column":21}},"8":{"start":{"line":20,"column":2},"end":{"line":20,"column":25}},"9":{"start":{"line":23,"column":21},"end":{"line":26,"column":2}},"10":{"start":{"line":24,"column":19},"end":{"line":24,"column":52}},"11":{"start":{"line":25,"column":2},"end":{"line":25,"column":21}},"12":{"start":{"line":28,"column":1},"end":{"line":87,"column":3}}},"fnMap":{"0":{"name":"(anonymous_0)","decl":{"start":{"line":12,"column":15},"end":{"line":12,"column":16}},"loc":{"start":{"line":12,"column":21},"end":{"line":88,"column":1}},"line":12},"1":{"name":"(anonymous_1)","decl":{"start":{"line":13,"column":30},"end":{"line":13,"column":31}},"loc":{"start":{"line":13,"column":41},"end":{"line":13,"column":60}},"line":13},"2":{"name":"(anonymous_2)","decl":{"start":{"line":18,"column":22},"end":{"line":18,"column":23}},"loc":{"start":{"line":18,"column":28},"end":{"line":21,"column":2}},"line":18},"3":{"name":"(anonymous_3)","decl":{"start":{"line":23,"column":21},"end":{"line":23,"column":22}},"loc":{"start":{"line":23,"column":27},"end":{"line":26,"column":2}},"line":23}},"branchMap":{"0":{"loc":{"start":{"line":24,"column":19},"end":{"line":24,"column":52}},"type":"cond-expr","locations":[{"start":{"line":24,"column":36},"end":{"line":24,"column":42}},{"start":{"line":24,"column":45},"end":{"line":24,"column":52}}],"line":24},"1":{"loc":{"start":{"line":52,"column":5},"end":{"line":71,"column":5}},"type":"cond-expr","locations":[{"start":{"line":53,"column":5},"end":{"line":64,"column":8}},{"start":{"line":66,"column":5},"end":{"line":70,"column":11}}],"line":52},"2":{"loc":{"start":{"line":79,"column":6},"end":{"line":83,"column":6}},"type":"cond-expr","locations":[{"start":{"line":80,"column":6},"end":{"line":80,"column":54}},{"start":{"line":82,"column":6},"end":{"line":82,"column":53}}],"line":79}},"s":{"0":1,"1":1,"2":1,"3":1,"4":1,"5":1,"6":1,"7":0,"8":0,"9":1,"10":0,"11":0,"12":1},"f":{"0":1,"1":1,"2":0,"3":0},"b":{"0":[0,0],"1":[0,1],"2":[1,0]},"_coverageSchema":"1a1c01bbd47fc00a2c39e90264f33305004495a9","hash":"eb973387fd1b5a976f9963884054627dc7457a21"}
,"/Users/rucham/Documents/Upskill/react_bootcamp/13_testing/src/store/store.js": {"path":"/Users/rucham/Documents/Upskill/react_bootcamp/13_testing/src/store/store.js","statementMap":{},"fnMap":{},"branchMap":{},"s":{},"f":{},"b":{},"_coverageSchema":"1a1c01bbd47fc00a2c39e90264f33305004495a9","hash":"6ec8c39ab0dd8559895354e7f90d239b6e3f3c33"}
}
